<?xml version="1.0" encoding="UTF-8"?>
<!-- Generated by org.testng.reporters.JUnitReportReporter -->
<testsuite name="com.course.cases.LoginTest" tests="2" time="1.351" ignored="0" failures="0" timestamp="02 Nov 2018 06:02:15 GMT" skipped="0" hostname="DESKTOP-C9JG643" errors="0">
  <testcase name="loginFalse" time="0.369" classname="com.course.cases.LoginTest"/>
  <testcase name="loginTrue" time="0.982" classname="com.course.cases.LoginTest"/>
</testsuite> <!-- com.course.cases.LoginTest -->
