<?xml version="1.0" encoding="UTF-8"?>
<!-- Generated by org.testng.reporters.JUnitReportReporter -->
<testsuite name="com.course.cases.GetUserInfoTest" tests="1" time="0.370" ignored="0" failures="0" timestamp="02 Nov 2018 06:02:15 GMT" skipped="0" hostname="DESKTOP-C9JG643" errors="0">
  <testcase name="getUserInfoTest" time="0.370" classname="com.course.cases.GetUserInfoTest"/>
</testsuite> <!-- com.course.cases.GetUserInfoTest -->
