<?xml version="1.0" encoding="UTF-8"?>
<!-- Generated by org.testng.reporters.JUnitReportReporter -->
<testsuite name="com.course.cases.GetUserInfoListTest" tests="1" time="0.423" ignored="0" failures="0" timestamp="02 Nov 2018 06:02:15 GMT" skipped="0" hostname="DESKTOP-C9JG643" errors="0">
  <testcase name="getUserInfoList" time="0.423" classname="com.course.cases.GetUserInfoListTest"/>
</testsuite> <!-- com.course.cases.GetUserInfoListTest -->
