<?xml version="1.0" encoding="UTF-8"?>
<!-- Generated by org.testng.reporters.JUnitReportReporter -->
<testsuite name="com.course.cases.UpdateUserInfoTest" tests="2" time="6.942" ignored="0" failures="0" timestamp="02 Nov 2018 06:02:15 GMT" skipped="0" hostname="DESKTOP-C9JG643" errors="0">
  <testcase name="deleteUser" time="3.479" classname="com.course.cases.UpdateUserInfoTest"/>
  <testcase name="updateUserInfo" time="3.463" classname="com.course.cases.UpdateUserInfoTest"/>
</testsuite> <!-- com.course.cases.UpdateUserInfoTest -->
